--------------------------------------------------------------------------------
Release 13.2 Trace  (nt)
Copyright (c) 1995-2011 Xilinx, Inc.  All rights reserved.

C:\Xilinx\13.2\ISE_DS\ISE\bin\nt\unwrapped\trce.exe -intstyle ise -v 3 -s 3 -n
3 -fastpaths -xml ee201l_detour_top_PART3.twx ee201l_detour_top_PART3.ncd -o
ee201l_detour_top_PART3.twr ee201l_detour_top_PART3.pcf -ucf
ee201l_detour_top.ucf

Design file:              ee201l_detour_top_PART3.ncd
Physical constraint file: ee201l_detour_top_PART3.pcf
Device,package,speed:     xc6slx16,csg324,C,-3 (PRODUCTION 1.19 2011-06-20)
Report level:             verbose report

Environment Variable      Effect 
--------------------      ------ 
NONE                      No environment variables were set
--------------------------------------------------------------------------------

INFO:Timing:2752 - To get complete path coverage, use the unconstrained paths 
   option. All paths that are not constrained will be reported in the 
   unconstrained paths section(s) of the report.
INFO:Timing:3339 - The clock-to-out numbers in this timing report are based on 
   a 50 Ohm transmission line loading model.  For the details of this model, 
   and for more information on accounting for different loading conditions, 
   please see the device datasheet.

================================================================================
Timing constraint: TS_sys_clk_pin = PERIOD TIMEGRP "sys_clk_pin" 100 MHz HIGH 
50%;

 351 paths analyzed, 97 endpoints analyzed, 0 failing endpoints
 0 timing errors detected. (0 setup errors, 0 hold errors, 0 component switching limit errors)
 Minimum period is   3.676ns.
--------------------------------------------------------------------------------

Paths for end point XLXI_185/Q_0 (SLICE_X26Y22.CE), 24 paths
--------------------------------------------------------------------------------
Slack (setup path):     6.324ns (requirement - (data path - clock path skew + uncertainty))
  Source:               XLXI_2/Q_13 (FF)
  Destination:          XLXI_185/Q_0 (FF)
  Requirement:          10.000ns
  Data Path Delay:      3.629ns (Levels of Logic = 2)
  Clock Path Skew:      -0.012ns (0.255 - 0.267)
  Source Clock:         XLXN_806 rising at 0.000ns
  Destination Clock:    XLXN_806 rising at 10.000ns
  Clock Uncertainty:    0.035ns

  Clock Uncertainty:          0.035ns  ((TSJ^2 + TIJ^2)^1/2 + DJ) / 2 + PE
    Total System Jitter (TSJ):  0.070ns
    Total Input Jitter (TIJ):   0.000ns
    Discrete Jitter (DJ):       0.000ns
    Phase Error (PE):           0.000ns

  Maximum Data Path at Slow Process Corner: XLXI_2/Q_13 to XLXI_185/Q_0
    Location             Delay type         Delay(ns)  Physical Resource
                                                       Logical Resource(s)
    -------------------------------------------------  -------------------
    SLICE_X22Y29.BQ      Tcko                  0.447   XLXI_2/Q<15>
                                                       XLXI_2/Q_13
    SLICE_X23Y29.A1      net (fanout=2)        0.769   XLXI_2/Q<13>
    SLICE_X23Y29.A       Tilo                  0.259   XLXI_2/Mmux_TC1
                                                       XLXI_2/Mmux_TC11
    SLICE_X21Y27.A4      net (fanout=1)        0.643   XLXI_2/Mmux_TC1
    SLICE_X21Y27.A       Tilo                  0.259   XLXI_2/Mmux_TC12
                                                       XLXI_2/CEO1
    SLICE_X26Y22.CE      net (fanout=1)        0.921   XLXN_522
    SLICE_X26Y22.CLK     Tceck                 0.331   n0000<1>
                                                       XLXI_185/Q_0
    -------------------------------------------------  ---------------------------
    Total                                      3.629ns (1.296ns logic, 2.333ns route)
                                                       (35.7% logic, 64.3% route)

--------------------------------------------------------------------------------
Slack (setup path):     6.385ns (requirement - (data path - clock path skew + uncertainty))
  Source:               XLXI_2/Q_7 (FF)
  Destination:          XLXI_185/Q_0 (FF)
  Requirement:          10.000ns
  Data Path Delay:      3.571ns (Levels of Logic = 2)
  Clock Path Skew:      -0.009ns (0.255 - 0.264)
  Source Clock:         XLXN_806 rising at 0.000ns
  Destination Clock:    XLXN_806 rising at 10.000ns
  Clock Uncertainty:    0.035ns

  Clock Uncertainty:          0.035ns  ((TSJ^2 + TIJ^2)^1/2 + DJ) / 2 + PE
    Total System Jitter (TSJ):  0.070ns
    Total Input Jitter (TIJ):   0.000ns
    Discrete Jitter (DJ):       0.000ns
    Phase Error (PE):           0.000ns

  Maximum Data Path at Slow Process Corner: XLXI_2/Q_7 to XLXI_185/Q_0
    Location             Delay type         Delay(ns)  Physical Resource
                                                       Logical Resource(s)
    -------------------------------------------------  -------------------
    SLICE_X22Y27.DQ      Tcko                  0.447   n0001<7>
                                                       XLXI_2/Q_7
    SLICE_X23Y27.A6      net (fanout=12)       0.733   n0001<7>
    SLICE_X23Y27.A       Tilo                  0.259   XLXI_2/Mmux_TC11
                                                       XLXI_2/Mmux_TC12
    SLICE_X21Y27.A1      net (fanout=1)        0.621   XLXI_2/Mmux_TC11
    SLICE_X21Y27.A       Tilo                  0.259   XLXI_2/Mmux_TC12
                                                       XLXI_2/CEO1
    SLICE_X26Y22.CE      net (fanout=1)        0.921   XLXN_522
    SLICE_X26Y22.CLK     Tceck                 0.331   n0000<1>
                                                       XLXI_185/Q_0
    -------------------------------------------------  ---------------------------
    Total                                      3.571ns (1.296ns logic, 2.275ns route)
                                                       (36.3% logic, 63.7% route)

--------------------------------------------------------------------------------
Slack (setup path):     6.488ns (requirement - (data path - clock path skew + uncertainty))
  Source:               XLXI_2/Q_12 (FF)
  Destination:          XLXI_185/Q_0 (FF)
  Requirement:          10.000ns
  Data Path Delay:      3.465ns (Levels of Logic = 2)
  Clock Path Skew:      -0.012ns (0.255 - 0.267)
  Source Clock:         XLXN_806 rising at 0.000ns
  Destination Clock:    XLXN_806 rising at 10.000ns
  Clock Uncertainty:    0.035ns

  Clock Uncertainty:          0.035ns  ((TSJ^2 + TIJ^2)^1/2 + DJ) / 2 + PE
    Total System Jitter (TSJ):  0.070ns
    Total Input Jitter (TIJ):   0.000ns
    Discrete Jitter (DJ):       0.000ns
    Phase Error (PE):           0.000ns

  Maximum Data Path at Slow Process Corner: XLXI_2/Q_12 to XLXI_185/Q_0
    Location             Delay type         Delay(ns)  Physical Resource
                                                       Logical Resource(s)
    -------------------------------------------------  -------------------
    SLICE_X22Y29.AQ      Tcko                  0.447   XLXI_2/Q<15>
                                                       XLXI_2/Q_12
    SLICE_X23Y29.A2      net (fanout=2)        0.605   XLXI_2/Q<12>
    SLICE_X23Y29.A       Tilo                  0.259   XLXI_2/Mmux_TC1
                                                       XLXI_2/Mmux_TC11
    SLICE_X21Y27.A4      net (fanout=1)        0.643   XLXI_2/Mmux_TC1
    SLICE_X21Y27.A       Tilo                  0.259   XLXI_2/Mmux_TC12
                                                       XLXI_2/CEO1
    SLICE_X26Y22.CE      net (fanout=1)        0.921   XLXN_522
    SLICE_X26Y22.CLK     Tceck                 0.331   n0000<1>
                                                       XLXI_185/Q_0
    -------------------------------------------------  ---------------------------
    Total                                      3.465ns (1.296ns logic, 2.169ns route)
                                                       (37.4% logic, 62.6% route)

--------------------------------------------------------------------------------

Paths for end point XLXI_185/Q_1 (SLICE_X26Y22.CE), 24 paths
--------------------------------------------------------------------------------
Slack (setup path):     6.379ns (requirement - (data path - clock path skew + uncertainty))
  Source:               XLXI_2/Q_13 (FF)
  Destination:          XLXI_185/Q_1 (FF)
  Requirement:          10.000ns
  Data Path Delay:      3.574ns (Levels of Logic = 2)
  Clock Path Skew:      -0.012ns (0.255 - 0.267)
  Source Clock:         XLXN_806 rising at 0.000ns
  Destination Clock:    XLXN_806 rising at 10.000ns
  Clock Uncertainty:    0.035ns

  Clock Uncertainty:          0.035ns  ((TSJ^2 + TIJ^2)^1/2 + DJ) / 2 + PE
    Total System Jitter (TSJ):  0.070ns
    Total Input Jitter (TIJ):   0.000ns
    Discrete Jitter (DJ):       0.000ns
    Phase Error (PE):           0.000ns

  Maximum Data Path at Slow Process Corner: XLXI_2/Q_13 to XLXI_185/Q_1
    Location             Delay type         Delay(ns)  Physical Resource
                                                       Logical Resource(s)
    -------------------------------------------------  -------------------
    SLICE_X22Y29.BQ      Tcko                  0.447   XLXI_2/Q<15>
                                                       XLXI_2/Q_13
    SLICE_X23Y29.A1      net (fanout=2)        0.769   XLXI_2/Q<13>
    SLICE_X23Y29.A       Tilo                  0.259   XLXI_2/Mmux_TC1
                                                       XLXI_2/Mmux_TC11
    SLICE_X21Y27.A4      net (fanout=1)        0.643   XLXI_2/Mmux_TC1
    SLICE_X21Y27.A       Tilo                  0.259   XLXI_2/Mmux_TC12
                                                       XLXI_2/CEO1
    SLICE_X26Y22.CE      net (fanout=1)        0.921   XLXN_522
    SLICE_X26Y22.CLK     Tceck                 0.276   n0000<1>
                                                       XLXI_185/Q_1
    -------------------------------------------------  ---------------------------
    Total                                      3.574ns (1.241ns logic, 2.333ns route)
                                                       (34.7% logic, 65.3% route)

--------------------------------------------------------------------------------
Slack (setup path):     6.440ns (requirement - (data path - clock path skew + uncertainty))
  Source:               XLXI_2/Q_7 (FF)
  Destination:          XLXI_185/Q_1 (FF)
  Requirement:          10.000ns
  Data Path Delay:      3.516ns (Levels of Logic = 2)
  Clock Path Skew:      -0.009ns (0.255 - 0.264)
  Source Clock:         XLXN_806 rising at 0.000ns
  Destination Clock:    XLXN_806 rising at 10.000ns
  Clock Uncertainty:    0.035ns

  Clock Uncertainty:          0.035ns  ((TSJ^2 + TIJ^2)^1/2 + DJ) / 2 + PE
    Total System Jitter (TSJ):  0.070ns
    Total Input Jitter (TIJ):   0.000ns
    Discrete Jitter (DJ):       0.000ns
    Phase Error (PE):           0.000ns

  Maximum Data Path at Slow Process Corner: XLXI_2/Q_7 to XLXI_185/Q_1
    Location             Delay type         Delay(ns)  Physical Resource
                                                       Logical Resource(s)
    -------------------------------------------------  -------------------
    SLICE_X22Y27.DQ      Tcko                  0.447   n0001<7>
                                                       XLXI_2/Q_7
    SLICE_X23Y27.A6      net (fanout=12)       0.733   n0001<7>
    SLICE_X23Y27.A       Tilo                  0.259   XLXI_2/Mmux_TC11
                                                       XLXI_2/Mmux_TC12
    SLICE_X21Y27.A1      net (fanout=1)        0.621   XLXI_2/Mmux_TC11
    SLICE_X21Y27.A       Tilo                  0.259   XLXI_2/Mmux_TC12
                                                       XLXI_2/CEO1
    SLICE_X26Y22.CE      net (fanout=1)        0.921   XLXN_522
    SLICE_X26Y22.CLK     Tceck                 0.276   n0000<1>
                                                       XLXI_185/Q_1
    -------------------------------------------------  ---------------------------
    Total                                      3.516ns (1.241ns logic, 2.275ns route)
                                                       (35.3% logic, 64.7% route)

--------------------------------------------------------------------------------
Slack (setup path):     6.543ns (requirement - (data path - clock path skew + uncertainty))
  Source:               XLXI_2/Q_12 (FF)
  Destination:          XLXI_185/Q_1 (FF)
  Requirement:          10.000ns
  Data Path Delay:      3.410ns (Levels of Logic = 2)
  Clock Path Skew:      -0.012ns (0.255 - 0.267)
  Source Clock:         XLXN_806 rising at 0.000ns
  Destination Clock:    XLXN_806 rising at 10.000ns
  Clock Uncertainty:    0.035ns

  Clock Uncertainty:          0.035ns  ((TSJ^2 + TIJ^2)^1/2 + DJ) / 2 + PE
    Total System Jitter (TSJ):  0.070ns
    Total Input Jitter (TIJ):   0.000ns
    Discrete Jitter (DJ):       0.000ns
    Phase Error (PE):           0.000ns

  Maximum Data Path at Slow Process Corner: XLXI_2/Q_12 to XLXI_185/Q_1
    Location             Delay type         Delay(ns)  Physical Resource
                                                       Logical Resource(s)
    -------------------------------------------------  -------------------
    SLICE_X22Y29.AQ      Tcko                  0.447   XLXI_2/Q<15>
                                                       XLXI_2/Q_12
    SLICE_X23Y29.A2      net (fanout=2)        0.605   XLXI_2/Q<12>
    SLICE_X23Y29.A       Tilo                  0.259   XLXI_2/Mmux_TC1
                                                       XLXI_2/Mmux_TC11
    SLICE_X21Y27.A4      net (fanout=1)        0.643   XLXI_2/Mmux_TC1
    SLICE_X21Y27.A       Tilo                  0.259   XLXI_2/Mmux_TC12
                                                       XLXI_2/CEO1
    SLICE_X26Y22.CE      net (fanout=1)        0.921   XLXN_522
    SLICE_X26Y22.CLK     Tceck                 0.276   n0000<1>
                                                       XLXI_185/Q_1
    -------------------------------------------------  ---------------------------
    Total                                      3.410ns (1.241ns logic, 2.169ns route)
                                                       (36.4% logic, 63.6% route)

--------------------------------------------------------------------------------

Paths for end point XLXI_2/Q_12 (SLICE_X22Y29.CE), 8 paths
--------------------------------------------------------------------------------
Slack (setup path):     7.272ns (requirement - (data path - clock path skew + uncertainty))
  Source:               XLXI_1/Q_2 (FF)
  Destination:          XLXI_2/Q_12 (FF)
  Requirement:          10.000ns
  Data Path Delay:      2.688ns (Levels of Logic = 2)
  Clock Path Skew:      -0.005ns (0.253 - 0.258)
  Source Clock:         XLXN_806 rising at 0.000ns
  Destination Clock:    XLXN_806 rising at 10.000ns
  Clock Uncertainty:    0.035ns

  Clock Uncertainty:          0.035ns  ((TSJ^2 + TIJ^2)^1/2 + DJ) / 2 + PE
    Total System Jitter (TSJ):  0.070ns
    Total Input Jitter (TIJ):   0.000ns
    Discrete Jitter (DJ):       0.000ns
    Phase Error (PE):           0.000ns

  Maximum Data Path at Slow Process Corner: XLXI_1/Q_2 to XLXI_2/Q_12
    Location             Delay type         Delay(ns)  Physical Resource
                                                       Logical Resource(s)
    -------------------------------------------------  -------------------
    SLICE_X20Y27.CQ      Tcko                  0.408   XLXI_1/Q<3>
                                                       XLXI_1/Q_2
    SLICE_X21Y27.C3      net (fanout=2)        0.457   XLXI_1/Q<2>
    SLICE_X21Y27.C       Tilo                  0.259   XLXI_2/Mmux_TC12
                                                       XLXI_1/Mmux_TC1_SW0
    SLICE_X21Y27.B4      net (fanout=1)        0.327   XLXI_1/N01
    SLICE_X21Y27.B       Tilo                  0.259   XLXI_2/Mmux_TC12
                                                       XLXI_1/Mmux_TC1
    SLICE_X22Y29.CE      net (fanout=5)        0.647   XLXN_1
    SLICE_X22Y29.CLK     Tceck                 0.331   XLXI_2/Q<15>
                                                       XLXI_2/Q_12
    -------------------------------------------------  ---------------------------
    Total                                      2.688ns (1.257ns logic, 1.431ns route)
                                                       (46.8% logic, 53.2% route)

--------------------------------------------------------------------------------
Slack (setup path):     7.295ns (requirement - (data path - clock path skew + uncertainty))
  Source:               XLXI_1/Q_0 (FF)
  Destination:          XLXI_2/Q_12 (FF)
  Requirement:          10.000ns
  Data Path Delay:      2.665ns (Levels of Logic = 2)
  Clock Path Skew:      -0.005ns (0.253 - 0.258)
  Source Clock:         XLXN_806 rising at 0.000ns
  Destination Clock:    XLXN_806 rising at 10.000ns
  Clock Uncertainty:    0.035ns

  Clock Uncertainty:          0.035ns  ((TSJ^2 + TIJ^2)^1/2 + DJ) / 2 + PE
    Total System Jitter (TSJ):  0.070ns
    Total Input Jitter (TIJ):   0.000ns
    Discrete Jitter (DJ):       0.000ns
    Phase Error (PE):           0.000ns

  Maximum Data Path at Slow Process Corner: XLXI_1/Q_0 to XLXI_2/Q_12
    Location             Delay type         Delay(ns)  Physical Resource
                                                       Logical Resource(s)
    -------------------------------------------------  -------------------
    SLICE_X20Y27.AQ      Tcko                  0.408   XLXI_1/Q<3>
                                                       XLXI_1/Q_0
    SLICE_X21Y27.C2      net (fanout=2)        0.434   XLXI_1/Q<0>
    SLICE_X21Y27.C       Tilo                  0.259   XLXI_2/Mmux_TC12
                                                       XLXI_1/Mmux_TC1_SW0
    SLICE_X21Y27.B4      net (fanout=1)        0.327   XLXI_1/N01
    SLICE_X21Y27.B       Tilo                  0.259   XLXI_2/Mmux_TC12
                                                       XLXI_1/Mmux_TC1
    SLICE_X22Y29.CE      net (fanout=5)        0.647   XLXN_1
    SLICE_X22Y29.CLK     Tceck                 0.331   XLXI_2/Q<15>
                                                       XLXI_2/Q_12
    -------------------------------------------------  ---------------------------
    Total                                      2.665ns (1.257ns logic, 1.408ns route)
                                                       (47.2% logic, 52.8% route)

--------------------------------------------------------------------------------
Slack (setup path):     7.427ns (requirement - (data path - clock path skew + uncertainty))
  Source:               XLXI_1/Q_1 (FF)
  Destination:          XLXI_2/Q_12 (FF)
  Requirement:          10.000ns
  Data Path Delay:      2.533ns (Levels of Logic = 2)
  Clock Path Skew:      -0.005ns (0.253 - 0.258)
  Source Clock:         XLXN_806 rising at 0.000ns
  Destination Clock:    XLXN_806 rising at 10.000ns
  Clock Uncertainty:    0.035ns

  Clock Uncertainty:          0.035ns  ((TSJ^2 + TIJ^2)^1/2 + DJ) / 2 + PE
    Total System Jitter (TSJ):  0.070ns
    Total Input Jitter (TIJ):   0.000ns
    Discrete Jitter (DJ):       0.000ns
    Phase Error (PE):           0.000ns

  Maximum Data Path at Slow Process Corner: XLXI_1/Q_1 to XLXI_2/Q_12
    Location             Delay type         Delay(ns)  Physical Resource
                                                       Logical Resource(s)
    -------------------------------------------------  -------------------
    SLICE_X20Y27.BQ      Tcko                  0.408   XLXI_1/Q<3>
                                                       XLXI_1/Q_1
    SLICE_X21Y27.C4      net (fanout=2)        0.302   XLXI_1/Q<1>
    SLICE_X21Y27.C       Tilo                  0.259   XLXI_2/Mmux_TC12
                                                       XLXI_1/Mmux_TC1_SW0
    SLICE_X21Y27.B4      net (fanout=1)        0.327   XLXI_1/N01
    SLICE_X21Y27.B       Tilo                  0.259   XLXI_2/Mmux_TC12
                                                       XLXI_1/Mmux_TC1
    SLICE_X22Y29.CE      net (fanout=5)        0.647   XLXN_1
    SLICE_X22Y29.CLK     Tceck                 0.331   XLXI_2/Q<15>
                                                       XLXI_2/Q_12
    -------------------------------------------------  ---------------------------
    Total                                      2.533ns (1.257ns logic, 1.276ns route)
                                                       (49.6% logic, 50.4% route)

--------------------------------------------------------------------------------

Hold Paths: TS_sys_clk_pin = PERIOD TIMEGRP "sys_clk_pin" 100 MHz HIGH 50%;
--------------------------------------------------------------------------------

Paths for end point XLXI_1/Q_7 (SLICE_X20Y28.D6), 1 path
--------------------------------------------------------------------------------
Slack (hold path):      0.459ns (requirement - (clock path skew + uncertainty - data path))
  Source:               XLXI_1/Q_7 (FF)
  Destination:          XLXI_1/Q_7 (FF)
  Requirement:          0.000ns
  Data Path Delay:      0.459ns (Levels of Logic = 1)
  Clock Path Skew:      0.000ns
  Source Clock:         XLXN_806 rising at 10.000ns
  Destination Clock:    XLXN_806 rising at 10.000ns
  Clock Uncertainty:    0.000ns

  Minimum Data Path at Fast Process Corner: XLXI_1/Q_7 to XLXI_1/Q_7
    Location             Delay type         Delay(ns)  Physical Resource
                                                       Logical Resource(s)
    -------------------------------------------------  -------------------
    SLICE_X20Y28.DQ      Tcko                  0.200   XLXI_1/Q<7>
                                                       XLXI_1/Q_7
    SLICE_X20Y28.D6      net (fanout=2)        0.022   XLXI_1/Q<7>
    SLICE_X20Y28.CLK     Tah         (-Th)    -0.237   XLXI_1/Q<7>
                                                       XLXI_1/Q<7>_rt
                                                       XLXI_1/Mcount_Q_xor<7>
                                                       XLXI_1/Q_7
    -------------------------------------------------  ---------------------------
    Total                                      0.459ns (0.437ns logic, 0.022ns route)
                                                       (95.2% logic, 4.8% route)

--------------------------------------------------------------------------------

Paths for end point XLXI_1/Q_5 (SLICE_X20Y28.B5), 1 path
--------------------------------------------------------------------------------
Slack (hold path):      0.509ns (requirement - (clock path skew + uncertainty - data path))
  Source:               XLXI_1/Q_5 (FF)
  Destination:          XLXI_1/Q_5 (FF)
  Requirement:          0.000ns
  Data Path Delay:      0.509ns (Levels of Logic = 1)
  Clock Path Skew:      0.000ns
  Source Clock:         XLXN_806 rising at 10.000ns
  Destination Clock:    XLXN_806 rising at 10.000ns
  Clock Uncertainty:    0.000ns

  Minimum Data Path at Fast Process Corner: XLXI_1/Q_5 to XLXI_1/Q_5
    Location             Delay type         Delay(ns)  Physical Resource
                                                       Logical Resource(s)
    -------------------------------------------------  -------------------
    SLICE_X20Y28.BQ      Tcko                  0.200   XLXI_1/Q<7>
                                                       XLXI_1/Q_5
    SLICE_X20Y28.B5      net (fanout=2)        0.075   XLXI_1/Q<5>
    SLICE_X20Y28.CLK     Tah         (-Th)    -0.234   XLXI_1/Q<7>
                                                       XLXI_1/Q<5>_rt
                                                       XLXI_1/Mcount_Q_xor<7>
                                                       XLXI_1/Q_5
    -------------------------------------------------  ---------------------------
    Total                                      0.509ns (0.434ns logic, 0.075ns route)
                                                       (85.3% logic, 14.7% route)

--------------------------------------------------------------------------------

Paths for end point XLXI_1/Q_1 (SLICE_X20Y27.B5), 1 path
--------------------------------------------------------------------------------
Slack (hold path):      0.510ns (requirement - (clock path skew + uncertainty - data path))
  Source:               XLXI_1/Q_1 (FF)
  Destination:          XLXI_1/Q_1 (FF)
  Requirement:          0.000ns
  Data Path Delay:      0.510ns (Levels of Logic = 1)
  Clock Path Skew:      0.000ns
  Source Clock:         XLXN_806 rising at 10.000ns
  Destination Clock:    XLXN_806 rising at 10.000ns
  Clock Uncertainty:    0.000ns

  Minimum Data Path at Fast Process Corner: XLXI_1/Q_1 to XLXI_1/Q_1
    Location             Delay type         Delay(ns)  Physical Resource
                                                       Logical Resource(s)
    -------------------------------------------------  -------------------
    SLICE_X20Y27.BQ      Tcko                  0.200   XLXI_1/Q<3>
                                                       XLXI_1/Q_1
    SLICE_X20Y27.B5      net (fanout=2)        0.076   XLXI_1/Q<1>
    SLICE_X20Y27.CLK     Tah         (-Th)    -0.234   XLXI_1/Q<3>
                                                       XLXI_1/Q<1>_rt
                                                       XLXI_1/Mcount_Q_cy<3>
                                                       XLXI_1/Q_1
    -------------------------------------------------  ---------------------------
    Total                                      0.510ns (0.434ns logic, 0.076ns route)
                                                       (85.1% logic, 14.9% route)

--------------------------------------------------------------------------------

Component Switching Limit Checks: TS_sys_clk_pin = PERIOD TIMEGRP "sys_clk_pin" 100 MHz HIGH 50%;
--------------------------------------------------------------------------------
Slack: 8.270ns (period - min period limit)
  Period: 10.000ns
  Min period limit: 1.730ns (578.035MHz) (Tbcper_I)
  Physical resource: XLXI_5/BUFG/I0
  Logical resource: XLXI_5/BUFG/I0
  Location pin: BUFGMUX_X3Y13.I0
  Clock network: XLXI_5/IBUFG
--------------------------------------------------------------------------------
Slack: 9.570ns (period - min period limit)
  Period: 10.000ns
  Min period limit: 0.430ns (2325.581MHz) (Tcp)
  Physical resource: XLXI_1/Q<3>/CLK
  Logical resource: XLXI_1/Q_0/CK
  Location pin: SLICE_X20Y27.CLK
  Clock network: XLXN_806
--------------------------------------------------------------------------------
Slack: 9.570ns (period - (min high pulse limit / (high pulse / period)))
  Period: 10.000ns
  High pulse: 5.000ns
  High pulse limit: 0.215ns (Trpw)
  Physical resource: XLXI_1/Q<3>/SR
  Logical resource: XLXI_1/Q_0/SR
  Location pin: SLICE_X20Y27.SR
  Clock network: BtnC_IBUF
--------------------------------------------------------------------------------


All constraints were met.


Data Sheet report:
-----------------
All values displayed in nanoseconds (ns)

Clock to Setup on destination clock CLKPORT
---------------+---------+---------+---------+---------+
               | Src:Rise| Src:Fall| Src:Rise| Src:Fall|
Source Clock   |Dest:Rise|Dest:Rise|Dest:Fall|Dest:Fall|
---------------+---------+---------+---------+---------+
CLKPORT        |    3.676|         |         |         |
---------------+---------+---------+---------+---------+


Timing summary:
---------------

Timing errors: 0  Score: 0  (Setup/Max: 0, Hold: 0)

Constraints cover 351 paths, 0 nets, and 72 connections

Design statistics:
   Minimum period:   3.676ns{1}   (Maximum frequency: 272.035MHz)


------------------------------------Footnotes-----------------------------------
1)  The minimum period statistic assumes all single cycle delays.

Analysis completed Mon Oct 08 10:59:59 2012 
--------------------------------------------------------------------------------

Trace Settings:
-------------------------
Trace Settings 

Peak Memory Usage: 125 MB



