--------------------------------------------------------------------------------
Release 13.2 Trace  (nt64)
Copyright (c) 1995-2011 Xilinx, Inc.  All rights reserved.

C:\Xilinx\13.2\ISE_DS\ISE\bin\nt64\unwrapped\trce.exe -intstyle ise -v 3 -s 3
-n 3 -fastpaths -xml ee201_detour_top.twx ee201_detour_top.ncd -o
ee201_detour_top.twr ee201_detour_top.pcf -ucf ee201l_detour_top.ucf

Design file:              ee201_detour_top.ncd
Physical constraint file: ee201_detour_top.pcf
Device,package,speed:     xc6slx16,csg324,C,-3 (PRODUCTION 1.19 2011-06-20)
Report level:             verbose report

Environment Variable      Effect 
--------------------      ------ 
NONE                      No environment variables were set
--------------------------------------------------------------------------------

INFO:Timing:2752 - To get complete path coverage, use the unconstrained paths 
   option. All paths that are not constrained will be reported in the 
   unconstrained paths section(s) of the report.
INFO:Timing:3339 - The clock-to-out numbers in this timing report are based on 
   a 50 Ohm transmission line loading model.  For the details of this model, 
   and for more information on accounting for different loading conditions, 
   please see the device datasheet.

================================================================================
Timing constraint: TS_sys_clk_pin = PERIOD TIMEGRP "sys_clk_pin" 100 MHz HIGH 
50%;

 351 paths analyzed, 85 endpoints analyzed, 0 failing endpoints
 0 timing errors detected. (0 setup errors, 0 hold errors, 0 component switching limit errors)
 Minimum period is   2.048ns.
--------------------------------------------------------------------------------

Paths for end point DIV_CLK_25 (SLICE_X30Y26.CIN), 24 paths
--------------------------------------------------------------------------------
Slack (setup path):     7.952ns (requirement - (data path - clock path skew + uncertainty))
  Source:               DIV_CLK_0 (FF)
  Destination:          DIV_CLK_25 (FF)
  Requirement:          10.000ns
  Data Path Delay:      1.997ns (Levels of Logic = 7)
  Clock Path Skew:      -0.016ns (0.276 - 0.292)
  Source Clock:         board_clk rising at 0.000ns
  Destination Clock:    board_clk rising at 10.000ns
  Clock Uncertainty:    0.035ns

  Clock Uncertainty:          0.035ns  ((TSJ^2 + TIJ^2)^1/2 + DJ) / 2 + PE
    Total System Jitter (TSJ):  0.070ns
    Total Input Jitter (TIJ):   0.000ns
    Discrete Jitter (DJ):       0.000ns
    Phase Error (PE):           0.000ns

  Maximum Data Path at Slow Process Corner: DIV_CLK_0 to DIV_CLK_25
    Location             Delay type         Delay(ns)  Physical Resource
                                                       Logical Resource(s)
    -------------------------------------------------  -------------------
    SLICE_X30Y20.AQ      Tcko                  0.447   DIV_CLK<3>
                                                       DIV_CLK_0
    SLICE_X30Y20.A5      net (fanout=1)        0.390   DIV_CLK<0>
    SLICE_X30Y20.COUT    Topcya                0.379   DIV_CLK<3>
                                                       Mcount_DIV_CLK_lut<0>_INV_0
                                                       Mcount_DIV_CLK_cy<3>
    SLICE_X30Y21.CIN     net (fanout=1)        0.003   Mcount_DIV_CLK_cy<3>
    SLICE_X30Y21.COUT    Tbyp                  0.076   DIV_CLK<7>
                                                       Mcount_DIV_CLK_cy<7>
    SLICE_X30Y22.CIN     net (fanout=1)        0.003   Mcount_DIV_CLK_cy<7>
    SLICE_X30Y22.COUT    Tbyp                  0.076   DIV_CLK<11>
                                                       Mcount_DIV_CLK_cy<11>
    SLICE_X30Y23.CIN     net (fanout=1)        0.003   Mcount_DIV_CLK_cy<11>
    SLICE_X30Y23.COUT    Tbyp                  0.076   DIV_CLK<15>
                                                       Mcount_DIV_CLK_cy<15>
    SLICE_X30Y24.CIN     net (fanout=1)        0.082   Mcount_DIV_CLK_cy<15>
    SLICE_X30Y24.COUT    Tbyp                  0.076   DIV_CLK<19>
                                                       Mcount_DIV_CLK_cy<19>
    SLICE_X30Y25.CIN     net (fanout=1)        0.003   Mcount_DIV_CLK_cy<19>
    SLICE_X30Y25.COUT    Tbyp                  0.076   DIV_CLK<23>
                                                       Mcount_DIV_CLK_cy<23>
    SLICE_X30Y26.CIN     net (fanout=1)        0.003   Mcount_DIV_CLK_cy<23>
    SLICE_X30Y26.CLK     Tcinck                0.304   DIV_CLK<25>
                                                       Mcount_DIV_CLK_xor<25>
                                                       DIV_CLK_25
    -------------------------------------------------  ---------------------------
    Total                                      1.997ns (1.510ns logic, 0.487ns route)
                                                       (75.6% logic, 24.4% route)

--------------------------------------------------------------------------------
Slack (setup path):     8.033ns (requirement - (data path - clock path skew + uncertainty))
  Source:               DIV_CLK_4 (FF)
  Destination:          DIV_CLK_25 (FF)
  Requirement:          10.000ns
  Data Path Delay:      1.918ns (Levels of Logic = 6)
  Clock Path Skew:      -0.014ns (0.276 - 0.290)
  Source Clock:         board_clk rising at 0.000ns
  Destination Clock:    board_clk rising at 10.000ns
  Clock Uncertainty:    0.035ns

  Clock Uncertainty:          0.035ns  ((TSJ^2 + TIJ^2)^1/2 + DJ) / 2 + PE
    Total System Jitter (TSJ):  0.070ns
    Total Input Jitter (TIJ):   0.000ns
    Discrete Jitter (DJ):       0.000ns
    Phase Error (PE):           0.000ns

  Maximum Data Path at Slow Process Corner: DIV_CLK_4 to DIV_CLK_25
    Location             Delay type         Delay(ns)  Physical Resource
                                                       Logical Resource(s)
    -------------------------------------------------  -------------------
    SLICE_X30Y21.AQ      Tcko                  0.447   DIV_CLK<7>
                                                       DIV_CLK_4
    SLICE_X30Y21.A5      net (fanout=1)        0.390   DIV_CLK<4>
    SLICE_X30Y21.COUT    Topcya                0.379   DIV_CLK<7>
                                                       DIV_CLK<4>_rt
                                                       Mcount_DIV_CLK_cy<7>
    SLICE_X30Y22.CIN     net (fanout=1)        0.003   Mcount_DIV_CLK_cy<7>
    SLICE_X30Y22.COUT    Tbyp                  0.076   DIV_CLK<11>
                                                       Mcount_DIV_CLK_cy<11>
    SLICE_X30Y23.CIN     net (fanout=1)        0.003   Mcount_DIV_CLK_cy<11>
    SLICE_X30Y23.COUT    Tbyp                  0.076   DIV_CLK<15>
                                                       Mcount_DIV_CLK_cy<15>
    SLICE_X30Y24.CIN     net (fanout=1)        0.082   Mcount_DIV_CLK_cy<15>
    SLICE_X30Y24.COUT    Tbyp                  0.076   DIV_CLK<19>
                                                       Mcount_DIV_CLK_cy<19>
    SLICE_X30Y25.CIN     net (fanout=1)        0.003   Mcount_DIV_CLK_cy<19>
    SLICE_X30Y25.COUT    Tbyp                  0.076   DIV_CLK<23>
                                                       Mcount_DIV_CLK_cy<23>
    SLICE_X30Y26.CIN     net (fanout=1)        0.003   Mcount_DIV_CLK_cy<23>
    SLICE_X30Y26.CLK     Tcinck                0.304   DIV_CLK<25>
                                                       Mcount_DIV_CLK_xor<25>
                                                       DIV_CLK_25
    -------------------------------------------------  ---------------------------
    Total                                      1.918ns (1.434ns logic, 0.484ns route)
                                                       (74.8% logic, 25.2% route)

--------------------------------------------------------------------------------
Slack (setup path):     8.097ns (requirement - (data path - clock path skew + uncertainty))
  Source:               DIV_CLK_3 (FF)
  Destination:          DIV_CLK_25 (FF)
  Requirement:          10.000ns
  Data Path Delay:      1.852ns (Levels of Logic = 7)
  Clock Path Skew:      -0.016ns (0.276 - 0.292)
  Source Clock:         board_clk rising at 0.000ns
  Destination Clock:    board_clk rising at 10.000ns
  Clock Uncertainty:    0.035ns

  Clock Uncertainty:          0.035ns  ((TSJ^2 + TIJ^2)^1/2 + DJ) / 2 + PE
    Total System Jitter (TSJ):  0.070ns
    Total Input Jitter (TIJ):   0.000ns
    Discrete Jitter (DJ):       0.000ns
    Phase Error (PE):           0.000ns

  Maximum Data Path at Slow Process Corner: DIV_CLK_3 to DIV_CLK_25
    Location             Delay type         Delay(ns)  Physical Resource
                                                       Logical Resource(s)
    -------------------------------------------------  -------------------
    SLICE_X30Y20.DQ      Tcko                  0.447   DIV_CLK<3>
                                                       DIV_CLK_3
    SLICE_X30Y20.D5      net (fanout=1)        0.363   DIV_CLK<3>
    SLICE_X30Y20.COUT    Topcyd                0.261   DIV_CLK<3>
                                                       DIV_CLK<3>_rt
                                                       Mcount_DIV_CLK_cy<3>
    SLICE_X30Y21.CIN     net (fanout=1)        0.003   Mcount_DIV_CLK_cy<3>
    SLICE_X30Y21.COUT    Tbyp                  0.076   DIV_CLK<7>
                                                       Mcount_DIV_CLK_cy<7>
    SLICE_X30Y22.CIN     net (fanout=1)        0.003   Mcount_DIV_CLK_cy<7>
    SLICE_X30Y22.COUT    Tbyp                  0.076   DIV_CLK<11>
                                                       Mcount_DIV_CLK_cy<11>
    SLICE_X30Y23.CIN     net (fanout=1)        0.003   Mcount_DIV_CLK_cy<11>
    SLICE_X30Y23.COUT    Tbyp                  0.076   DIV_CLK<15>
                                                       Mcount_DIV_CLK_cy<15>
    SLICE_X30Y24.CIN     net (fanout=1)        0.082   Mcount_DIV_CLK_cy<15>
    SLICE_X30Y24.COUT    Tbyp                  0.076   DIV_CLK<19>
                                                       Mcount_DIV_CLK_cy<19>
    SLICE_X30Y25.CIN     net (fanout=1)        0.003   Mcount_DIV_CLK_cy<19>
    SLICE_X30Y25.COUT    Tbyp                  0.076   DIV_CLK<23>
                                                       Mcount_DIV_CLK_cy<23>
    SLICE_X30Y26.CIN     net (fanout=1)        0.003   Mcount_DIV_CLK_cy<23>
    SLICE_X30Y26.CLK     Tcinck                0.304   DIV_CLK<25>
                                                       Mcount_DIV_CLK_xor<25>
                                                       DIV_CLK_25
    -------------------------------------------------  ---------------------------
    Total                                      1.852ns (1.392ns logic, 0.460ns route)
                                                       (75.2% logic, 24.8% route)

--------------------------------------------------------------------------------

Paths for end point DIV_CLK_23 (SLICE_X30Y25.CIN), 20 paths
--------------------------------------------------------------------------------
Slack (setup path):     8.018ns (requirement - (data path - clock path skew + uncertainty))
  Source:               DIV_CLK_0 (FF)
  Destination:          DIV_CLK_23 (FF)
  Requirement:          10.000ns
  Data Path Delay:      1.928ns (Levels of Logic = 6)
  Clock Path Skew:      -0.019ns (0.273 - 0.292)
  Source Clock:         board_clk rising at 0.000ns
  Destination Clock:    board_clk rising at 10.000ns
  Clock Uncertainty:    0.035ns

  Clock Uncertainty:          0.035ns  ((TSJ^2 + TIJ^2)^1/2 + DJ) / 2 + PE
    Total System Jitter (TSJ):  0.070ns
    Total Input Jitter (TIJ):   0.000ns
    Discrete Jitter (DJ):       0.000ns
    Phase Error (PE):           0.000ns

  Maximum Data Path at Slow Process Corner: DIV_CLK_0 to DIV_CLK_23
    Location             Delay type         Delay(ns)  Physical Resource
                                                       Logical Resource(s)
    -------------------------------------------------  -------------------
    SLICE_X30Y20.AQ      Tcko                  0.447   DIV_CLK<3>
                                                       DIV_CLK_0
    SLICE_X30Y20.A5      net (fanout=1)        0.390   DIV_CLK<0>
    SLICE_X30Y20.COUT    Topcya                0.379   DIV_CLK<3>
                                                       Mcount_DIV_CLK_lut<0>_INV_0
                                                       Mcount_DIV_CLK_cy<3>
    SLICE_X30Y21.CIN     net (fanout=1)        0.003   Mcount_DIV_CLK_cy<3>
    SLICE_X30Y21.COUT    Tbyp                  0.076   DIV_CLK<7>
                                                       Mcount_DIV_CLK_cy<7>
    SLICE_X30Y22.CIN     net (fanout=1)        0.003   Mcount_DIV_CLK_cy<7>
    SLICE_X30Y22.COUT    Tbyp                  0.076   DIV_CLK<11>
                                                       Mcount_DIV_CLK_cy<11>
    SLICE_X30Y23.CIN     net (fanout=1)        0.003   Mcount_DIV_CLK_cy<11>
    SLICE_X30Y23.COUT    Tbyp                  0.076   DIV_CLK<15>
                                                       Mcount_DIV_CLK_cy<15>
    SLICE_X30Y24.CIN     net (fanout=1)        0.082   Mcount_DIV_CLK_cy<15>
    SLICE_X30Y24.COUT    Tbyp                  0.076   DIV_CLK<19>
                                                       Mcount_DIV_CLK_cy<19>
    SLICE_X30Y25.CIN     net (fanout=1)        0.003   Mcount_DIV_CLK_cy<19>
    SLICE_X30Y25.CLK     Tcinck                0.314   DIV_CLK<23>
                                                       Mcount_DIV_CLK_cy<23>
                                                       DIV_CLK_23
    -------------------------------------------------  ---------------------------
    Total                                      1.928ns (1.444ns logic, 0.484ns route)
                                                       (74.9% logic, 25.1% route)

--------------------------------------------------------------------------------
Slack (setup path):     8.099ns (requirement - (data path - clock path skew + uncertainty))
  Source:               DIV_CLK_4 (FF)
  Destination:          DIV_CLK_23 (FF)
  Requirement:          10.000ns
  Data Path Delay:      1.849ns (Levels of Logic = 5)
  Clock Path Skew:      -0.017ns (0.273 - 0.290)
  Source Clock:         board_clk rising at 0.000ns
  Destination Clock:    board_clk rising at 10.000ns
  Clock Uncertainty:    0.035ns

  Clock Uncertainty:          0.035ns  ((TSJ^2 + TIJ^2)^1/2 + DJ) / 2 + PE
    Total System Jitter (TSJ):  0.070ns
    Total Input Jitter (TIJ):   0.000ns
    Discrete Jitter (DJ):       0.000ns
    Phase Error (PE):           0.000ns

  Maximum Data Path at Slow Process Corner: DIV_CLK_4 to DIV_CLK_23
    Location             Delay type         Delay(ns)  Physical Resource
                                                       Logical Resource(s)
    -------------------------------------------------  -------------------
    SLICE_X30Y21.AQ      Tcko                  0.447   DIV_CLK<7>
                                                       DIV_CLK_4
    SLICE_X30Y21.A5      net (fanout=1)        0.390   DIV_CLK<4>
    SLICE_X30Y21.COUT    Topcya                0.379   DIV_CLK<7>
                                                       DIV_CLK<4>_rt
                                                       Mcount_DIV_CLK_cy<7>
    SLICE_X30Y22.CIN     net (fanout=1)        0.003   Mcount_DIV_CLK_cy<7>
    SLICE_X30Y22.COUT    Tbyp                  0.076   DIV_CLK<11>
                                                       Mcount_DIV_CLK_cy<11>
    SLICE_X30Y23.CIN     net (fanout=1)        0.003   Mcount_DIV_CLK_cy<11>
    SLICE_X30Y23.COUT    Tbyp                  0.076   DIV_CLK<15>
                                                       Mcount_DIV_CLK_cy<15>
    SLICE_X30Y24.CIN     net (fanout=1)        0.082   Mcount_DIV_CLK_cy<15>
    SLICE_X30Y24.COUT    Tbyp                  0.076   DIV_CLK<19>
                                                       Mcount_DIV_CLK_cy<19>
    SLICE_X30Y25.CIN     net (fanout=1)        0.003   Mcount_DIV_CLK_cy<19>
    SLICE_X30Y25.CLK     Tcinck                0.314   DIV_CLK<23>
                                                       Mcount_DIV_CLK_cy<23>
                                                       DIV_CLK_23
    -------------------------------------------------  ---------------------------
    Total                                      1.849ns (1.368ns logic, 0.481ns route)
                                                       (74.0% logic, 26.0% route)

--------------------------------------------------------------------------------
Slack (setup path):     8.163ns (requirement - (data path - clock path skew + uncertainty))
  Source:               DIV_CLK_3 (FF)
  Destination:          DIV_CLK_23 (FF)
  Requirement:          10.000ns
  Data Path Delay:      1.783ns (Levels of Logic = 6)
  Clock Path Skew:      -0.019ns (0.273 - 0.292)
  Source Clock:         board_clk rising at 0.000ns
  Destination Clock:    board_clk rising at 10.000ns
  Clock Uncertainty:    0.035ns

  Clock Uncertainty:          0.035ns  ((TSJ^2 + TIJ^2)^1/2 + DJ) / 2 + PE
    Total System Jitter (TSJ):  0.070ns
    Total Input Jitter (TIJ):   0.000ns
    Discrete Jitter (DJ):       0.000ns
    Phase Error (PE):           0.000ns

  Maximum Data Path at Slow Process Corner: DIV_CLK_3 to DIV_CLK_23
    Location             Delay type         Delay(ns)  Physical Resource
                                                       Logical Resource(s)
    -------------------------------------------------  -------------------
    SLICE_X30Y20.DQ      Tcko                  0.447   DIV_CLK<3>
                                                       DIV_CLK_3
    SLICE_X30Y20.D5      net (fanout=1)        0.363   DIV_CLK<3>
    SLICE_X30Y20.COUT    Topcyd                0.261   DIV_CLK<3>
                                                       DIV_CLK<3>_rt
                                                       Mcount_DIV_CLK_cy<3>
    SLICE_X30Y21.CIN     net (fanout=1)        0.003   Mcount_DIV_CLK_cy<3>
    SLICE_X30Y21.COUT    Tbyp                  0.076   DIV_CLK<7>
                                                       Mcount_DIV_CLK_cy<7>
    SLICE_X30Y22.CIN     net (fanout=1)        0.003   Mcount_DIV_CLK_cy<7>
    SLICE_X30Y22.COUT    Tbyp                  0.076   DIV_CLK<11>
                                                       Mcount_DIV_CLK_cy<11>
    SLICE_X30Y23.CIN     net (fanout=1)        0.003   Mcount_DIV_CLK_cy<11>
    SLICE_X30Y23.COUT    Tbyp                  0.076   DIV_CLK<15>
                                                       Mcount_DIV_CLK_cy<15>
    SLICE_X30Y24.CIN     net (fanout=1)        0.082   Mcount_DIV_CLK_cy<15>
    SLICE_X30Y24.COUT    Tbyp                  0.076   DIV_CLK<19>
                                                       Mcount_DIV_CLK_cy<19>
    SLICE_X30Y25.CIN     net (fanout=1)        0.003   Mcount_DIV_CLK_cy<19>
    SLICE_X30Y25.CLK     Tcinck                0.314   DIV_CLK<23>
                                                       Mcount_DIV_CLK_cy<23>
                                                       DIV_CLK_23
    -------------------------------------------------  ---------------------------
    Total                                      1.783ns (1.326ns logic, 0.457ns route)
                                                       (74.4% logic, 25.6% route)

--------------------------------------------------------------------------------

Paths for end point DIV_CLK_21 (SLICE_X30Y25.CIN), 20 paths
--------------------------------------------------------------------------------
Slack (setup path):     8.028ns (requirement - (data path - clock path skew + uncertainty))
  Source:               DIV_CLK_0 (FF)
  Destination:          DIV_CLK_21 (FF)
  Requirement:          10.000ns
  Data Path Delay:      1.918ns (Levels of Logic = 6)
  Clock Path Skew:      -0.019ns (0.273 - 0.292)
  Source Clock:         board_clk rising at 0.000ns
  Destination Clock:    board_clk rising at 10.000ns
  Clock Uncertainty:    0.035ns

  Clock Uncertainty:          0.035ns  ((TSJ^2 + TIJ^2)^1/2 + DJ) / 2 + PE
    Total System Jitter (TSJ):  0.070ns
    Total Input Jitter (TIJ):   0.000ns
    Discrete Jitter (DJ):       0.000ns
    Phase Error (PE):           0.000ns

  Maximum Data Path at Slow Process Corner: DIV_CLK_0 to DIV_CLK_21
    Location             Delay type         Delay(ns)  Physical Resource
                                                       Logical Resource(s)
    -------------------------------------------------  -------------------
    SLICE_X30Y20.AQ      Tcko                  0.447   DIV_CLK<3>
                                                       DIV_CLK_0
    SLICE_X30Y20.A5      net (fanout=1)        0.390   DIV_CLK<0>
    SLICE_X30Y20.COUT    Topcya                0.379   DIV_CLK<3>
                                                       Mcount_DIV_CLK_lut<0>_INV_0
                                                       Mcount_DIV_CLK_cy<3>
    SLICE_X30Y21.CIN     net (fanout=1)        0.003   Mcount_DIV_CLK_cy<3>
    SLICE_X30Y21.COUT    Tbyp                  0.076   DIV_CLK<7>
                                                       Mcount_DIV_CLK_cy<7>
    SLICE_X30Y22.CIN     net (fanout=1)        0.003   Mcount_DIV_CLK_cy<7>
    SLICE_X30Y22.COUT    Tbyp                  0.076   DIV_CLK<11>
                                                       Mcount_DIV_CLK_cy<11>
    SLICE_X30Y23.CIN     net (fanout=1)        0.003   Mcount_DIV_CLK_cy<11>
    SLICE_X30Y23.COUT    Tbyp                  0.076   DIV_CLK<15>
                                                       Mcount_DIV_CLK_cy<15>
    SLICE_X30Y24.CIN     net (fanout=1)        0.082   Mcount_DIV_CLK_cy<15>
    SLICE_X30Y24.COUT    Tbyp                  0.076   DIV_CLK<19>
                                                       Mcount_DIV_CLK_cy<19>
    SLICE_X30Y25.CIN     net (fanout=1)        0.003   Mcount_DIV_CLK_cy<19>
    SLICE_X30Y25.CLK     Tcinck                0.304   DIV_CLK<23>
                                                       Mcount_DIV_CLK_cy<23>
                                                       DIV_CLK_21
    -------------------------------------------------  ---------------------------
    Total                                      1.918ns (1.434ns logic, 0.484ns route)
                                                       (74.8% logic, 25.2% route)

--------------------------------------------------------------------------------
Slack (setup path):     8.109ns (requirement - (data path - clock path skew + uncertainty))
  Source:               DIV_CLK_4 (FF)
  Destination:          DIV_CLK_21 (FF)
  Requirement:          10.000ns
  Data Path Delay:      1.839ns (Levels of Logic = 5)
  Clock Path Skew:      -0.017ns (0.273 - 0.290)
  Source Clock:         board_clk rising at 0.000ns
  Destination Clock:    board_clk rising at 10.000ns
  Clock Uncertainty:    0.035ns

  Clock Uncertainty:          0.035ns  ((TSJ^2 + TIJ^2)^1/2 + DJ) / 2 + PE
    Total System Jitter (TSJ):  0.070ns
    Total Input Jitter (TIJ):   0.000ns
    Discrete Jitter (DJ):       0.000ns
    Phase Error (PE):           0.000ns

  Maximum Data Path at Slow Process Corner: DIV_CLK_4 to DIV_CLK_21
    Location             Delay type         Delay(ns)  Physical Resource
                                                       Logical Resource(s)
    -------------------------------------------------  -------------------
    SLICE_X30Y21.AQ      Tcko                  0.447   DIV_CLK<7>
                                                       DIV_CLK_4
    SLICE_X30Y21.A5      net (fanout=1)        0.390   DIV_CLK<4>
    SLICE_X30Y21.COUT    Topcya                0.379   DIV_CLK<7>
                                                       DIV_CLK<4>_rt
                                                       Mcount_DIV_CLK_cy<7>
    SLICE_X30Y22.CIN     net (fanout=1)        0.003   Mcount_DIV_CLK_cy<7>
    SLICE_X30Y22.COUT    Tbyp                  0.076   DIV_CLK<11>
                                                       Mcount_DIV_CLK_cy<11>
    SLICE_X30Y23.CIN     net (fanout=1)        0.003   Mcount_DIV_CLK_cy<11>
    SLICE_X30Y23.COUT    Tbyp                  0.076   DIV_CLK<15>
                                                       Mcount_DIV_CLK_cy<15>
    SLICE_X30Y24.CIN     net (fanout=1)        0.082   Mcount_DIV_CLK_cy<15>
    SLICE_X30Y24.COUT    Tbyp                  0.076   DIV_CLK<19>
                                                       Mcount_DIV_CLK_cy<19>
    SLICE_X30Y25.CIN     net (fanout=1)        0.003   Mcount_DIV_CLK_cy<19>
    SLICE_X30Y25.CLK     Tcinck                0.304   DIV_CLK<23>
                                                       Mcount_DIV_CLK_cy<23>
                                                       DIV_CLK_21
    -------------------------------------------------  ---------------------------
    Total                                      1.839ns (1.358ns logic, 0.481ns route)
                                                       (73.8% logic, 26.2% route)

--------------------------------------------------------------------------------
Slack (setup path):     8.173ns (requirement - (data path - clock path skew + uncertainty))
  Source:               DIV_CLK_3 (FF)
  Destination:          DIV_CLK_21 (FF)
  Requirement:          10.000ns
  Data Path Delay:      1.773ns (Levels of Logic = 6)
  Clock Path Skew:      -0.019ns (0.273 - 0.292)
  Source Clock:         board_clk rising at 0.000ns
  Destination Clock:    board_clk rising at 10.000ns
  Clock Uncertainty:    0.035ns

  Clock Uncertainty:          0.035ns  ((TSJ^2 + TIJ^2)^1/2 + DJ) / 2 + PE
    Total System Jitter (TSJ):  0.070ns
    Total Input Jitter (TIJ):   0.000ns
    Discrete Jitter (DJ):       0.000ns
    Phase Error (PE):           0.000ns

  Maximum Data Path at Slow Process Corner: DIV_CLK_3 to DIV_CLK_21
    Location             Delay type         Delay(ns)  Physical Resource
                                                       Logical Resource(s)
    -------------------------------------------------  -------------------
    SLICE_X30Y20.DQ      Tcko                  0.447   DIV_CLK<3>
                                                       DIV_CLK_3
    SLICE_X30Y20.D5      net (fanout=1)        0.363   DIV_CLK<3>
    SLICE_X30Y20.COUT    Topcyd                0.261   DIV_CLK<3>
                                                       DIV_CLK<3>_rt
                                                       Mcount_DIV_CLK_cy<3>
    SLICE_X30Y21.CIN     net (fanout=1)        0.003   Mcount_DIV_CLK_cy<3>
    SLICE_X30Y21.COUT    Tbyp                  0.076   DIV_CLK<7>
                                                       Mcount_DIV_CLK_cy<7>
    SLICE_X30Y22.CIN     net (fanout=1)        0.003   Mcount_DIV_CLK_cy<7>
    SLICE_X30Y22.COUT    Tbyp                  0.076   DIV_CLK<11>
                                                       Mcount_DIV_CLK_cy<11>
    SLICE_X30Y23.CIN     net (fanout=1)        0.003   Mcount_DIV_CLK_cy<11>
    SLICE_X30Y23.COUT    Tbyp                  0.076   DIV_CLK<15>
                                                       Mcount_DIV_CLK_cy<15>
    SLICE_X30Y24.CIN     net (fanout=1)        0.082   Mcount_DIV_CLK_cy<15>
    SLICE_X30Y24.COUT    Tbyp                  0.076   DIV_CLK<19>
                                                       Mcount_DIV_CLK_cy<19>
    SLICE_X30Y25.CIN     net (fanout=1)        0.003   Mcount_DIV_CLK_cy<19>
    SLICE_X30Y25.CLK     Tcinck                0.304   DIV_CLK<23>
                                                       Mcount_DIV_CLK_cy<23>
                                                       DIV_CLK_21
    -------------------------------------------------  ---------------------------
    Total                                      1.773ns (1.316ns logic, 0.457ns route)
                                                       (74.2% logic, 25.8% route)

--------------------------------------------------------------------------------

Hold Paths: TS_sys_clk_pin = PERIOD TIMEGRP "sys_clk_pin" 100 MHz HIGH 50%;
--------------------------------------------------------------------------------

Paths for end point DIV_CLK_1 (SLICE_X30Y20.B5), 1 path
--------------------------------------------------------------------------------
Slack (hold path):      0.529ns (requirement - (clock path skew + uncertainty - data path))
  Source:               DIV_CLK_1 (FF)
  Destination:          DIV_CLK_1 (FF)
  Requirement:          0.000ns
  Data Path Delay:      0.529ns (Levels of Logic = 1)
  Clock Path Skew:      0.000ns
  Source Clock:         board_clk rising at 10.000ns
  Destination Clock:    board_clk rising at 10.000ns
  Clock Uncertainty:    0.000ns

  Minimum Data Path at Fast Process Corner: DIV_CLK_1 to DIV_CLK_1
    Location             Delay type         Delay(ns)  Physical Resource
                                                       Logical Resource(s)
    -------------------------------------------------  -------------------
    SLICE_X30Y20.BQ      Tcko                  0.234   DIV_CLK<3>
                                                       DIV_CLK_1
    SLICE_X30Y20.B5      net (fanout=1)        0.058   DIV_CLK<1>
    SLICE_X30Y20.CLK     Tah         (-Th)    -0.237   DIV_CLK<3>
                                                       DIV_CLK<1>_rt
                                                       Mcount_DIV_CLK_cy<3>
                                                       DIV_CLK_1
    -------------------------------------------------  ---------------------------
    Total                                      0.529ns (0.471ns logic, 0.058ns route)
                                                       (89.0% logic, 11.0% route)

--------------------------------------------------------------------------------

Paths for end point DIV_CLK_5 (SLICE_X30Y21.B5), 1 path
--------------------------------------------------------------------------------
Slack (hold path):      0.529ns (requirement - (clock path skew + uncertainty - data path))
  Source:               DIV_CLK_5 (FF)
  Destination:          DIV_CLK_5 (FF)
  Requirement:          0.000ns
  Data Path Delay:      0.529ns (Levels of Logic = 1)
  Clock Path Skew:      0.000ns
  Source Clock:         board_clk rising at 10.000ns
  Destination Clock:    board_clk rising at 10.000ns
  Clock Uncertainty:    0.000ns

  Minimum Data Path at Fast Process Corner: DIV_CLK_5 to DIV_CLK_5
    Location             Delay type         Delay(ns)  Physical Resource
                                                       Logical Resource(s)
    -------------------------------------------------  -------------------
    SLICE_X30Y21.BQ      Tcko                  0.234   DIV_CLK<7>
                                                       DIV_CLK_5
    SLICE_X30Y21.B5      net (fanout=1)        0.058   DIV_CLK<5>
    SLICE_X30Y21.CLK     Tah         (-Th)    -0.237   DIV_CLK<7>
                                                       DIV_CLK<5>_rt
                                                       Mcount_DIV_CLK_cy<7>
                                                       DIV_CLK_5
    -------------------------------------------------  ---------------------------
    Total                                      0.529ns (0.471ns logic, 0.058ns route)
                                                       (89.0% logic, 11.0% route)

--------------------------------------------------------------------------------

Paths for end point DIV_CLK_9 (SLICE_X30Y22.B5), 1 path
--------------------------------------------------------------------------------
Slack (hold path):      0.529ns (requirement - (clock path skew + uncertainty - data path))
  Source:               DIV_CLK_9 (FF)
  Destination:          DIV_CLK_9 (FF)
  Requirement:          0.000ns
  Data Path Delay:      0.529ns (Levels of Logic = 1)
  Clock Path Skew:      0.000ns
  Source Clock:         board_clk rising at 10.000ns
  Destination Clock:    board_clk rising at 10.000ns
  Clock Uncertainty:    0.000ns

  Minimum Data Path at Fast Process Corner: DIV_CLK_9 to DIV_CLK_9
    Location             Delay type         Delay(ns)  Physical Resource
                                                       Logical Resource(s)
    -------------------------------------------------  -------------------
    SLICE_X30Y22.BQ      Tcko                  0.234   DIV_CLK<11>
                                                       DIV_CLK_9
    SLICE_X30Y22.B5      net (fanout=1)        0.058   DIV_CLK<9>
    SLICE_X30Y22.CLK     Tah         (-Th)    -0.237   DIV_CLK<11>
                                                       DIV_CLK<9>_rt
                                                       Mcount_DIV_CLK_cy<11>
                                                       DIV_CLK_9
    -------------------------------------------------  ---------------------------
    Total                                      0.529ns (0.471ns logic, 0.058ns route)
                                                       (89.0% logic, 11.0% route)

--------------------------------------------------------------------------------

Component Switching Limit Checks: TS_sys_clk_pin = PERIOD TIMEGRP "sys_clk_pin" 100 MHz HIGH 50%;
--------------------------------------------------------------------------------
Slack: 8.270ns (period - min period limit)
  Period: 10.000ns
  Min period limit: 1.730ns (578.035MHz) (Tbcper_I)
  Physical resource: BUFGP1/BUFG/I0
  Logical resource: BUFGP1/BUFG/I0
  Location pin: BUFGMUX_X3Y13.I0
  Clock network: BUFGP1/IBUFG
--------------------------------------------------------------------------------
Slack: 9.594ns (period - (min high pulse limit / (high pulse / period)))
  Period: 10.000ns
  High pulse: 5.000ns
  High pulse limit: 0.203ns (Trpw)
  Physical resource: DIV_CLK<3>/SR
  Logical resource: DIV_CLK_0/SR
  Location pin: SLICE_X30Y20.SR
  Clock network: BtnC_IBUF
--------------------------------------------------------------------------------
Slack: 9.594ns (period - (min high pulse limit / (high pulse / period)))
  Period: 10.000ns
  High pulse: 5.000ns
  High pulse limit: 0.203ns (Trpw)
  Physical resource: DIV_CLK<3>/SR
  Logical resource: DIV_CLK_1/SR
  Location pin: SLICE_X30Y20.SR
  Clock network: BtnC_IBUF
--------------------------------------------------------------------------------


All constraints were met.


Data Sheet report:
-----------------
All values displayed in nanoseconds (ns)

Clock to Setup on destination clock ClkPort
---------------+---------+---------+---------+---------+
               | Src:Rise| Src:Fall| Src:Rise| Src:Fall|
Source Clock   |Dest:Rise|Dest:Rise|Dest:Fall|Dest:Fall|
---------------+---------+---------+---------+---------+
ClkPort        |    2.048|         |         |         |
---------------+---------+---------+---------+---------+


Timing summary:
---------------

Timing errors: 0  Score: 0  (Setup/Max: 0, Hold: 0)

Constraints cover 351 paths, 0 nets, and 40 connections

Design statistics:
   Minimum period:   2.048ns{1}   (Maximum frequency: 488.281MHz)


------------------------------------Footnotes-----------------------------------
1)  The minimum period statistic assumes all single cycle delays.

Analysis completed Mon Feb 06 07:36:02 2012 
--------------------------------------------------------------------------------

Trace Settings:
-------------------------
Trace Settings 

Peak Memory Usage: 207 MB



