Release 13.2 - xst O.61xd (nt)
Copyright (c) 1995-2011 Xilinx, Inc.  All rights reserved.
--> Parameter TMPDIR set to xst/projnav.tmp


Total REAL time to Xst completion: 2.00 secs
Total CPU time to Xst completion: 1.38 secs
 
--> Parameter xsthdpdir set to xst


Total REAL time to Xst completion: 2.00 secs
Total CPU time to Xst completion: 1.38 secs
 
--> Reading design: ee201_numlock_top.prj

TABLE OF CONTENTS
  1) Synthesis Options Summary
  2) HDL Parsing
  3) HDL Elaboration
  4) HDL Synthesis
       4.1) HDL Synthesis Report
  5) Advanced HDL Synthesis
       5.1) Advanced HDL Synthesis Report
  6) Low Level Synthesis
  7) Partition Report
  8) Design Summary
       8.1) Primitive and Black Box Usage
       8.2) Device utilization summary
       8.3) Partition Resource Summary
       8.4) Timing Report
            8.4.1) Clock Information
            8.4.2) Asynchronous Control Signals Information
            8.4.3) Timing Summary
            8.4.4) Timing Details
            8.4.5) Cross Clock Domains Report


=========================================================================
*                      Synthesis Options Summary                        *
=========================================================================
---- Source Parameters
Input File Name                    : "ee201_numlock_top.prj"
Input Format                       : mixed
Ignore Synthesis Constraint File   : NO

---- Target Parameters
Output File Name                   : "ee201_numlock_top"
Output Format                      : NGC
Target Device                      : xc6slx16-3-csg324

---- Source Options
Top Module Name                    : ee201_numlock_top
Automatic FSM Extraction           : YES
FSM Encoding Algorithm             : Auto
Safe Implementation                : No
FSM Style                          : LUT
RAM Extraction                     : Yes
RAM Style                          : Auto
ROM Extraction                     : Yes
Shift Register Extraction          : YES
ROM Style                          : Auto
Resource Sharing                   : YES
Asynchronous To Synchronous        : NO
Shift Register Minimum Size        : 2
Use DSP Block                      : Auto
Automatic Register Balancing       : No

---- Target Options
LUT Combining                      : Auto
Reduce Control Sets                : Auto
Add IO Buffers                     : YES
Global Maximum Fanout              : 100000
Add Generic Clock Buffer(BUFG)     : 16
Register Duplication               : YES
Optimize Instantiated Primitives   : NO
Use Clock Enable                   : Auto
Use Synchronous Set                : Auto
Use Synchronous Reset              : Auto
Pack IO Registers into IOBs        : Auto
Equivalent register Removal        : YES

---- General Options
Optimization Goal                  : Speed
Optimization Effort                : 1
Power Reduction                    : NO
Keep Hierarchy                     : No
Netlist Hierarchy                  : As_Optimized
RTL Output                         : Yes
Global Optimization                : AllClockNets
Read Cores                         : YES
Write Timing Constraints           : NO
Cross Clock Analysis               : NO
Hierarchy Separator                : /
Bus Delimiter                      : <>
Case Specifier                     : Maintain
Slice Utilization Ratio            : 100
BRAM Utilization Ratio             : 100
DSP48 Utilization Ratio            : 100
Auto BRAM Packing                  : NO
Slice Utilization Ratio Delta      : 5

=========================================================================


=========================================================================
*                          HDL Parsing                                  *
=========================================================================
Analyzing Verilog file \"C:\Xilinx_projects\L6\ee201_lab6\ee201_lumlock_sm.v\" into library work
Parsing module <ee201_lumlock_sm>.
Analyzing Verilog file \"C:\Xilinx_projects\L6\ee201_lab6\ee201_numlock_top.v\" into library work
Parsing module <ee201_numlock_top>.

=========================================================================
*                            HDL Elaboration                            *
=========================================================================

Elaborating module <ee201_numlock_top>.

Elaborating module <BUFGP>.
WARNING:HDLCompiler:413 - "C:\Xilinx_projects\L6\ee201_lab6\ee201_numlock_top.v" Line 110: Result of 28-bit expression is truncated to fit in 27-bit target.

Elaborating module <ee201_lumlock_sm>.
WARNING:HDLCompiler:413 - "C:\Xilinx_projects\L6\ee201_lab6\ee201_lumlock_sm.v" Line 100: Result of 10-bit expression is truncated to fit in 1-bit target.
WARNING:HDLCompiler:1127 - "C:\Xilinx_projects\L6\ee201_lab6\ee201_numlock_top.v" Line 141: Assignment to Unlock ignored, since the identifier is never used
WARNING:HDLCompiler:1309 - "C:\Xilinx_projects\L6\ee201_lab6\ee201_numlock_top.v" Line 225: Found full_case directive. Use of full_case directives may cause differences between RTL and post-synthesis simulation

=========================================================================
*                           HDL Synthesis                               *
=========================================================================

Synthesizing Unit <ee201_numlock_top>.
    Related source file is "c:/xilinx_projects/l6/ee201_lab6/ee201_numlock_top.v".
INFO:Xst:3210 - "c:/xilinx_projects/l6/ee201_lab6/ee201_numlock_top.v" line 141: Output port <Unlock> of the instance <SM1> is unconnected or connected to loadless signal.
    Found 27-bit register for signal <DIV_CLK>.
    Found 27-bit adder for signal <DIV_CLK[26]_GND_1_o_add_2_OUT> created at line 110.
    Found 2-bit adder for signal <n0120[1:0]> created at line 204.
    Found 3-bit adder for signal <n0123[2:0]> created at line 204.
    Found 4-bit adder for signal <_n0152> created at line 63.
    Found 4-bit adder for signal <_n0153> created at line 63.
    Found 4-bit adder for signal <_n0154> created at line 63.
    Found 4-bit adder for signal <_n0155> created at line 63.
    Found 4-bit adder for signal <_n0156> created at line 63.
    Found 4-bit adder for signal <_n0157> created at line 63.
    Found 4-bit adder for signal <_n0158> created at line 63.
    Found 4-bit adder for signal <state_sum> created at line 63.
    Found 1-bit 11-to-1 multiplexer for signal <Ld3> created at line 225.
    Found 1-bit 4-to-1 multiplexer for signal <SSD<3>> created at line 306.
    Found 1-bit 4-to-1 multiplexer for signal <SSD<2>> created at line 306.
    Found 1-bit 4-to-1 multiplexer for signal <SSD<1>> created at line 306.
    Found 1-bit 4-to-1 multiplexer for signal <SSD<0>> created at line 306.
    Summary:
	inferred  11 Adder/Subtractor(s).
	inferred  27 D-type flip-flop(s).
	inferred   5 Multiplexer(s).
Unit <ee201_numlock_top> synthesized.

Synthesizing Unit <ee201_lumlock_sm>.
    Related source file is "c:/xilinx_projects/l6/ee201_lab6/ee201_lumlock_sm.v".
    Found 11-bit register for signal <state>.
    Found 26-bit register for signal <Timerout_count>.
    Found finite state machine <FSM_0> for signal <state>.
    -----------------------------------------------------------------------
    | States             | 11                                             |
    | Transitions        | 24                                             |
    | Inputs             | 7                                              |
    | Outputs            | 22                                             |
    | Clock              | Clk (rising_edge)                              |
    | Reset              | reset (positive)                               |
    | Reset type         | asynchronous                                   |
    | Reset State        | 00000000001                                    |
    | Encoding           | auto                                           |
    | Implementation     | LUT                                            |
    -----------------------------------------------------------------------
    Found 26-bit adder for signal <Timerout_count[25]_GND_3_o_add_23_OUT> created at line 87.
    Summary:
	inferred   1 Adder/Subtractor(s).
	inferred  26 D-type flip-flop(s).
	inferred   1 Finite State Machine(s).
Unit <ee201_lumlock_sm> synthesized.

=========================================================================
HDL Synthesis Report

Macro Statistics
# Adders/Subtractors                                   : 12
 2-bit adder                                           : 1
 26-bit adder                                          : 1
 27-bit adder                                          : 1
 3-bit adder                                           : 1
 4-bit adder                                           : 8
# Registers                                            : 2
 26-bit register                                       : 1
 27-bit register                                       : 1
# Multiplexers                                         : 5
 1-bit 11-to-1 multiplexer                             : 1
 1-bit 4-to-1 multiplexer                              : 4
# FSMs                                                 : 1

=========================================================================

=========================================================================
*                       Advanced HDL Synthesis                          *
=========================================================================


Synthesizing (advanced) Unit <ee201_numlock_top>.
The following registers are absorbed into counter <DIV_CLK>: 1 register on signal <DIV_CLK>.
	The following adders/subtractors are grouped into adder tree <Madd_state_sum_Madd1> :
 	<Madd__n0152> in block <ee201_numlock_top>, 	<Madd__n0154_Madd> in block <ee201_numlock_top>, 	<Madd__n0155> in block <ee201_numlock_top>, 	<Madd__n0157_Madd> in block <ee201_numlock_top>, 	<Madd_n0120[1:0]> in block <ee201_numlock_top>, 	<Madd_state_sum_Madd> in block <ee201_numlock_top>.
Unit <ee201_numlock_top> synthesized (advanced).

=========================================================================
Advanced HDL Synthesis Report

Macro Statistics
# Adders/Subtractors                                   : 1
 26-bit adder                                          : 1
# Adder Trees                                          : 1
 4-bit / 8-inputs adder tree                           : 1
# Counters                                             : 1
 27-bit up counter                                     : 1
# Registers                                            : 26
 Flip-Flops                                            : 26
# Multiplexers                                         : 5
 1-bit 11-to-1 multiplexer                             : 1
 1-bit 4-to-1 multiplexer                              : 4
# FSMs                                                 : 1

=========================================================================

=========================================================================
*                         Low Level Synthesis                           *
=========================================================================
Analyzing FSM <MFsm> for best encoding.
Optimizing FSM <SM1/FSM_0> on signal <state[1:11]> with user encoding.
----------------------------
 State       | Encoding
----------------------------
 00000000001 | 00000000001
 00000000010 | 00000000010
 00000000100 | 00000000100
 00000001000 | 00000001000
 00000010000 | 00000010000
 00000100000 | 00000100000
 00001000000 | 00001000000
 00010000000 | 00010000000
 00100000000 | 00100000000
 01000000000 | 01000000000
 10000000000 | 10000000000
----------------------------
WARNING:Xst:2677 - Node <DIV_CLK_26> of sequential type is unconnected in block <ee201_numlock_top>.

Optimizing unit <ee201_numlock_top> ...

Optimizing unit <ee201_lumlock_sm> ...

Mapping all equations...
Building and optimizing final netlist ...
Found area constraint ratio of 100 (+ 5) on block ee201_numlock_top, actual ratio is 1.

Final Macro Processing ...

=========================================================================
Final Register Report

Macro Statistics
# Registers                                            : 63
 Flip-Flops                                            : 63

=========================================================================

=========================================================================
*                           Partition Report                            *
=========================================================================

Partition Implementation Status
-------------------------------

  No Partitions were found in this design.

-------------------------------

=========================================================================
*                            Design Summary                             *
=========================================================================

Top Level Output File Name         : ee201_numlock_top.ngc

Primitive and Black Box Usage:
------------------------------
# BELS                             : 231
#      GND                         : 1
#      INV                         : 3
#      LUT1                        : 50
#      LUT2                        : 5
#      LUT3                        : 3
#      LUT4                        : 35
#      LUT5                        : 2
#      LUT6                        : 28
#      MUXCY                       : 50
#      MUXF7                       : 1
#      VCC                         : 1
#      XORCY                       : 52
# FlipFlops/Latches                : 63
#      FDC                         : 10
#      FDE                         : 26
#      FDP                         : 1
#      FDR                         : 26
# Clock Buffers                    : 2
#      BUFG                        : 1
#      BUFGP                       : 1
# IO Buffers                       : 32
#      IBUF                        : 7
#      OBUF                        : 25

Device utilization summary:
---------------------------

Selected Device : 6slx16csg324-3 


Slice Logic Utilization: 
 Number of Slice Registers:              63  out of  18224     0%  
 Number of Slice LUTs:                  126  out of   9112     1%  
    Number used as Logic:               126  out of   9112     1%  

Slice Logic Distribution: 
 Number of LUT Flip Flop pairs used:    126
   Number with an unused Flip Flop:      63  out of    126    50%  
   Number with an unused LUT:             0  out of    126     0%  
   Number of fully used LUT-FF pairs:    63  out of    126    50%  
   Number of unique control sets:         3

IO Utilization: 
 Number of IOs:                          33
 Number of bonded IOBs:                  33  out of    232    14%  

Specific Feature Utilization:
 Number of BUFG/BUFGCTRLs:                2  out of     16    12%  

---------------------------
Partition Resource Summary:
---------------------------

  No Partitions were found in this design.

---------------------------


=========================================================================
Timing Report

NOTE: THESE TIMING NUMBERS ARE ONLY A SYNTHESIS ESTIMATE.
      FOR ACCURATE TIMING INFORMATION PLEASE REFER TO THE TRACE REPORT
      GENERATED AFTER PLACE-and-ROUTE.

Clock Information:
------------------
-----------------------------------+------------------------+-------+
Clock Signal                       | Clock buffer(FF name)  | Load  |
-----------------------------------+------------------------+-------+
ClkPort                            | BUFGP                  | 26    |
DIV_CLK_25                         | BUFG                   | 37    |
-----------------------------------+------------------------+-------+

Asynchronous Control Signals Information:
----------------------------------------
No asynchronous control signals found in this design

Timing Summary:
---------------
Speed Grade: -3

   Minimum period: 3.868ns (Maximum Frequency: 258.555MHz)
   Minimum input arrival time before clock: 4.332ns
   Maximum output required time after clock: 8.392ns
   Maximum combinational path delay: 6.515ns

Timing Details:
---------------
All values displayed in nanoseconds (ns)

=========================================================================
Timing constraint: Default period analysis for Clock 'ClkPort'
  Clock period: 2.142ns (frequency: 466.886MHz)
  Total number of paths / destination ports: 351 / 26
-------------------------------------------------------------------------
Delay:               2.142ns (Levels of Logic = 27)
  Source:            DIV_CLK_0 (FF)
  Destination:       DIV_CLK_25 (FF)
  Source Clock:      ClkPort rising
  Destination Clock: ClkPort rising

  Data Path: DIV_CLK_0 to DIV_CLK_25
                                Gate     Net
    Cell:in->out      fanout   Delay   Delay  Logical Name (Net Name)
    ----------------------------------------  ------------
     FDR:C->Q              1   0.447   0.579  DIV_CLK_0 (DIV_CLK_0)
     INV:I->O              1   0.206   0.000  Mcount_DIV_CLK_lut<0>_INV_0 (Mcount_DIV_CLK_lut<0>)
     MUXCY:S->O            1   0.172   0.000  Mcount_DIV_CLK_cy<0> (Mcount_DIV_CLK_cy<0>)
     MUXCY:CI->O           1   0.019   0.000  Mcount_DIV_CLK_cy<1> (Mcount_DIV_CLK_cy<1>)
     MUXCY:CI->O           1   0.019   0.000  Mcount_DIV_CLK_cy<2> (Mcount_DIV_CLK_cy<2>)
     MUXCY:CI->O           1   0.019   0.000  Mcount_DIV_CLK_cy<3> (Mcount_DIV_CLK_cy<3>)
     MUXCY:CI->O           1   0.019   0.000  Mcount_DIV_CLK_cy<4> (Mcount_DIV_CLK_cy<4>)
     MUXCY:CI->O           1   0.019   0.000  Mcount_DIV_CLK_cy<5> (Mcount_DIV_CLK_cy<5>)
     MUXCY:CI->O           1   0.019   0.000  Mcount_DIV_CLK_cy<6> (Mcount_DIV_CLK_cy<6>)
     MUXCY:CI->O           1   0.019   0.000  Mcount_DIV_CLK_cy<7> (Mcount_DIV_CLK_cy<7>)
     MUXCY:CI->O           1   0.019   0.000  Mcount_DIV_CLK_cy<8> (Mcount_DIV_CLK_cy<8>)
     MUXCY:CI->O           1   0.019   0.000  Mcount_DIV_CLK_cy<9> (Mcount_DIV_CLK_cy<9>)
     MUXCY:CI->O           1   0.019   0.000  Mcount_DIV_CLK_cy<10> (Mcount_DIV_CLK_cy<10>)
     MUXCY:CI->O           1   0.019   0.000  Mcount_DIV_CLK_cy<11> (Mcount_DIV_CLK_cy<11>)
     MUXCY:CI->O           1   0.019   0.000  Mcount_DIV_CLK_cy<12> (Mcount_DIV_CLK_cy<12>)
     MUXCY:CI->O           1   0.019   0.000  Mcount_DIV_CLK_cy<13> (Mcount_DIV_CLK_cy<13>)
     MUXCY:CI->O           1   0.019   0.000  Mcount_DIV_CLK_cy<14> (Mcount_DIV_CLK_cy<14>)
     MUXCY:CI->O           1   0.019   0.000  Mcount_DIV_CLK_cy<15> (Mcount_DIV_CLK_cy<15>)
     MUXCY:CI->O           1   0.019   0.000  Mcount_DIV_CLK_cy<16> (Mcount_DIV_CLK_cy<16>)
     MUXCY:CI->O           1   0.019   0.000  Mcount_DIV_CLK_cy<17> (Mcount_DIV_CLK_cy<17>)
     MUXCY:CI->O           1   0.019   0.000  Mcount_DIV_CLK_cy<18> (Mcount_DIV_CLK_cy<18>)
     MUXCY:CI->O           1   0.019   0.000  Mcount_DIV_CLK_cy<19> (Mcount_DIV_CLK_cy<19>)
     MUXCY:CI->O           1   0.019   0.000  Mcount_DIV_CLK_cy<20> (Mcount_DIV_CLK_cy<20>)
     MUXCY:CI->O           1   0.019   0.000  Mcount_DIV_CLK_cy<21> (Mcount_DIV_CLK_cy<21>)
     MUXCY:CI->O           1   0.019   0.000  Mcount_DIV_CLK_cy<22> (Mcount_DIV_CLK_cy<22>)
     MUXCY:CI->O           1   0.019   0.000  Mcount_DIV_CLK_cy<23> (Mcount_DIV_CLK_cy<23>)
     MUXCY:CI->O           0   0.019   0.000  Mcount_DIV_CLK_cy<24> (Mcount_DIV_CLK_cy<24>)
     XORCY:CI->O           1   0.180   0.000  Mcount_DIV_CLK_xor<25> (Result<25>)
     FDR:D                     0.102          DIV_CLK_25
    ----------------------------------------
    Total                      2.142ns (1.563ns logic, 0.579ns route)
                                       (73.0% logic, 27.0% route)

=========================================================================
Timing constraint: Default period analysis for Clock 'DIV_CLK_25'
  Clock period: 3.868ns (frequency: 258.555MHz)
  Total number of paths / destination ports: 663 / 37
-------------------------------------------------------------------------
Delay:               3.868ns (Levels of Logic = 3)
  Source:            SM1/state_FSM_FFd11 (FF)
  Destination:       SM1/Timerout_count_13 (FF)
  Source Clock:      DIV_CLK_25 rising
  Destination Clock: DIV_CLK_25 rising

  Data Path: SM1/state_FSM_FFd11 to SM1/Timerout_count_13
                                Gate     Net
    Cell:in->out      fanout   Delay   Delay  Logical Name (Net Name)
    ----------------------------------------  ------------
     FDP:C->Q             11   0.447   1.130  SM1/state_FSM_FFd11 (SM1/state_FSM_FFd11)
     LUT4:I0->O            2   0.203   0.617  SM1/state__n0075_SW0 (N16)
     LUT6:I5->O           14   0.205   0.958  SM1/state__n0075 (SM1/_n0075)
     LUT4:I3->O            1   0.205   0.000  SM1/state[10]_Timerout_count[25]_select_41_OUT<0>1 (SM1/state[10]_Timerout_count[25]_select_41_OUT<0>)
     FDE:D                     0.102          SM1/Timerout_count_0
    ----------------------------------------
    Total                      3.868ns (1.162ns logic, 2.706ns route)
                                       (30.0% logic, 70.0% route)

=========================================================================
Timing constraint: Default OFFSET IN BEFORE for Clock 'ClkPort'
  Total number of paths / destination ports: 26 / 26
-------------------------------------------------------------------------
Offset:              3.028ns (Levels of Logic = 1)
  Source:            BtnC (PAD)
  Destination:       DIV_CLK_0 (FF)
  Destination Clock: ClkPort rising

  Data Path: BtnC to DIV_CLK_0
                                Gate     Net
    Cell:in->out      fanout   Delay   Delay  Logical Name (Net Name)
    ----------------------------------------  ------------
     IBUF:I->O            38   1.222   1.376  BtnC_IBUF (BtnC_IBUF)
     FDR:R                     0.430          DIV_CLK_0
    ----------------------------------------
    Total                      3.028ns (1.652ns logic, 1.376ns route)
                                       (54.5% logic, 45.5% route)

=========================================================================
Timing constraint: Default OFFSET IN BEFORE for Clock 'DIV_CLK_25'
  Total number of paths / destination ports: 56 / 47
-------------------------------------------------------------------------
Offset:              4.332ns (Levels of Logic = 2)
  Source:            BtnC (PAD)
  Destination:       SM1/Timerout_count_25 (FF)
  Destination Clock: DIV_CLK_25 rising

  Data Path: BtnC to SM1/Timerout_count_25
                                Gate     Net
    Cell:in->out      fanout   Delay   Delay  Logical Name (Net Name)
    ----------------------------------------  ------------
     IBUF:I->O            38   1.222   1.376  BtnC_IBUF (BtnC_IBUF)
     INV:I->O             26   0.206   1.206  SM1/reset_inv1_INV_0 (SM1/reset_inv)
     FDE:CE                    0.322          SM1/Timerout_count_0
    ----------------------------------------
    Total                      4.332ns (1.750ns logic, 2.582ns route)
                                       (40.4% logic, 59.6% route)

=========================================================================
Timing constraint: Default OFFSET OUT AFTER for Clock 'DIV_CLK_25'
  Total number of paths / destination ports: 478 / 13
-------------------------------------------------------------------------
Offset:              8.392ns (Levels of Logic = 5)
  Source:            SM1/state_FSM_FFd6 (FF)
  Destination:       Cf (PAD)
  Source Clock:      DIV_CLK_25 rising

  Data Path: SM1/state_FSM_FFd6 to Cf
                                Gate     Net
    Cell:in->out      fanout   Delay   Delay  Logical Name (Net Name)
    ----------------------------------------  ------------
     FDC:C->Q             13   0.447   1.297  SM1/state_FSM_FFd6 (SM1/state_FSM_FFd6)
     LUT6:I0->O            1   0.203   0.827  state_num<1>_SW0 (N8)
     LUT6:I2->O            2   0.203   0.721  state_num<1> (Ld7_OBUF)
     LUT5:I3->O            7   0.203   1.138  Mmux_SSD<3>11 (SSD<3>)
     LUT6:I0->O            1   0.203   0.579  SSD_CATHODES_blinking<1>1 (Cf_OBUF)
     OBUF:I->O                 2.571          Cf_OBUF (Cf)
    ----------------------------------------
    Total                      8.392ns (3.830ns logic, 4.562ns route)
                                       (45.6% logic, 54.4% route)

=========================================================================
Timing constraint: Default OFFSET OUT AFTER for Clock 'ClkPort'
  Total number of paths / destination ports: 71 / 11
-------------------------------------------------------------------------
Offset:              6.334ns (Levels of Logic = 3)
  Source:            DIV_CLK_17 (FF)
  Destination:       Ca (PAD)
  Source Clock:      ClkPort rising

  Data Path: DIV_CLK_17 to Ca
                                Gate     Net
    Cell:in->out      fanout   Delay   Delay  Logical Name (Net Name)
    ----------------------------------------  ------------
     FDR:C->Q              9   0.447   1.194  DIV_CLK_17 (DIV_CLK_17)
     LUT6:I0->O            7   0.203   1.138  Mmux_SSD<0>11 (SSD<0>)
     LUT6:I0->O            1   0.203   0.579  SSD_CATHODES_blinking<2>1 (Ce_OBUF)
     OBUF:I->O                 2.571          Ce_OBUF (Ce)
    ----------------------------------------
    Total                      6.334ns (3.424ns logic, 2.910ns route)
                                       (54.1% logic, 45.9% route)

=========================================================================
Timing constraint: Default path analysis
  Total number of paths / destination ports: 10 / 3
-------------------------------------------------------------------------
Delay:               6.515ns (Levels of Logic = 5)
  Source:            Sw1 (PAD)
  Destination:       Ld3 (PAD)

  Data Path: Sw1 to Ld3
                                Gate     Net
    Cell:in->out      fanout   Delay   Delay  Logical Name (Net Name)
    ----------------------------------------  ------------
     IBUF:I->O             3   1.222   1.015  Sw1_IBUF (Sw1_IBUF)
     LUT6:I0->O            1   0.203   0.000  Mmux_Ld3_6 (Mmux_Ld3_6)
     MUXF7:I1->O           1   0.140   0.580  Mmux_Ld3_5_f7 (Mmux_Ld3_5_f7)
     LUT5:I4->O            1   0.205   0.579  Sw3 (Ld3_OBUF)
     OBUF:I->O                 2.571          Ld3_OBUF (Ld3)
    ----------------------------------------
    Total                      6.515ns (4.341ns logic, 2.174ns route)
                                       (66.6% logic, 33.4% route)

=========================================================================

Cross Clock Domains Report:
--------------------------

Clock to Setup on destination clock ClkPort
---------------+---------+---------+---------+---------+
               | Src:Rise| Src:Fall| Src:Rise| Src:Fall|
Source Clock   |Dest:Rise|Dest:Rise|Dest:Fall|Dest:Fall|
---------------+---------+---------+---------+---------+
ClkPort        |    2.142|         |         |         |
---------------+---------+---------+---------+---------+

Clock to Setup on destination clock DIV_CLK_25
---------------+---------+---------+---------+---------+
               | Src:Rise| Src:Fall| Src:Rise| Src:Fall|
Source Clock   |Dest:Rise|Dest:Rise|Dest:Fall|Dest:Fall|
---------------+---------+---------+---------+---------+
DIV_CLK_25     |    3.868|         |         |         |
---------------+---------+---------+---------+---------+

=========================================================================


Total REAL time to Xst completion: 17.00 secs
Total CPU time to Xst completion: 16.97 secs
 
--> 

Total memory usage is 135412 kilobytes

Number of errors   :    0 (   0 filtered)
Number of warnings :    5 (   0 filtered)
Number of infos    :    1 (   0 filtered)

